=== 备份开始 Tue Mar  3 02:30:17 CST 2026 ===
备份: SOUL.md
备份: MEMORY.md
备份: AGENTS.md
[main e79535f] Auto backup: 2026-03-03 02:30:17 - Core memory files
 2 files changed, 275 insertions(+)
 create mode 100644 AGENTS.md
 create mode 100644 SOUL.md
To https://github.com/66363331/openclaw-notes.git
   259e7dc..e79535f  main -> main
✅ GitHub 备份成功
=== 备份完成 Tue Mar  3 02:30:19 CST 2026 - 成功 ===
=== 备份开始 Fri Mar 20 15:00:03 CST 2026 ===
备份: SOUL.md
备份: MEMORY.md
备份: AGENTS.md
[main c84fe99] Auto backup: 2026-03-20 15:00:03 - Core memory files
 3 files changed, 102 insertions(+), 49 deletions(-)
 mode change 100644 => 100755 AGENTS.md
 mode change 100644 => 100755 MEMORY.md
 mode change 100644 => 100755 SOUL.md
To https://github.com/66363331/openclaw-notes.git
   6011bd6..c84fe99  main -> main
✅ GitHub 备份成功
=== 备份完成 Fri Mar 20 15:00:07 CST 2026 - 成功 ===
=== 备份开始 Sun Mar 22 20:00:07 CST 2026 ===
备份: SOUL.md
备份: MEMORY.md
备份: AGENTS.md
没有变更，跳过备份
=== 备份完成 Sun Mar 22 20:00:07 CST 2026 - 无变更 ===
